<?xml version="1.0" encoding="UTF-8"?>
<!-- Generated by org.testng.reporters.JUnitXMLReporter -->
<testsuite ignored="0" hostname="GWTN156-9" failures="0" tests="4" name="Default test" time="133.951" errors="0" timestamp="2022-12-15T22:31:59 MST">
  <testcase classname="cucumber.api.testng.AbstractTestNGCucumberTests" name="runScenario" time="21.322"/>
  <testcase classname="cucumber.api.testng.AbstractTestNGCucumberTests" name="runScenario" time="37.252"/>
  <testcase classname="cucumber.api.testng.AbstractTestNGCucumberTests" name="runScenario" time="38.915"/>
  <testcase classname="cucumber.api.testng.AbstractTestNGCucumberTests" name="runScenario" time="36.297"/>
</testsuite> <!-- Default test -->
