<?xml version="1.0" encoding="UTF-8"?>
<testng-results ignored="0" total="4" passed="4" failed="0" skipped="0">
  <reporter-output>
  </reporter-output>
  <suite started-at="2022-12-15T22:29:45 MST" name="Default suite" finished-at="2022-12-15T22:31:59 MST" duration-ms="133951">
    <groups>
      <group name="cucumber">
        <method signature="AbstractTestNGCucumberTests.runScenario(cucumber.api.testng.PickleEventWrapper,cucumber.api.testng.CucumberFeatureWrapper)[pri:0, instance:steps.TestRunner@14dd9eb7]" name="runScenario" class="cucumber.api.testng.AbstractTestNGCucumberTests"/>
      </group> <!-- cucumber -->
    </groups>
    <test started-at="2022-12-15T22:29:45 MST" name="Default test" finished-at="2022-12-15T22:31:59 MST" duration-ms="133951">
      <class name="steps.TestRunner">
        <test-method is-config="true" signature="setUpClass()[pri:0, instance:steps.TestRunner@14dd9eb7]" started-at="2022-12-15T22:29:45 MST" name="setUpClass" finished-at="2022-12-15T22:29:45 MST" duration-ms="78" status="PASS">
          <reporter-output>
          </reporter-output>
        </test-method> <!-- setUpClass -->
        <test-method signature="runScenario(cucumber.api.testng.PickleEventWrapper,cucumber.api.testng.CucumberFeatureWrapper)[pri:0, instance:steps.TestRunner@14dd9eb7]" started-at="2022-12-15T22:29:45 MST" name="runScenario" description="Runs Cucumber Scenarios" data-provider="scenarios" finished-at="2022-12-15T22:30:06 MST" duration-ms="21322" status="PASS">
          <params>
            <param index="0">
              <value>
                <![CDATA["TC001_Login and Logout"]]>
              </value>
            </param>
            <param index="1">
              <value>
                <![CDATA["Automate TestLeaf Application"]]>
              </value>
            </param>
          </params>
          <reporter-output>
          </reporter-output>
        </test-method> <!-- runScenario -->
        <test-method signature="runScenario(cucumber.api.testng.PickleEventWrapper,cucumber.api.testng.CucumberFeatureWrapper)[pri:0, instance:steps.TestRunner@14dd9eb7]" started-at="2022-12-15T22:30:06 MST" name="runScenario" description="Runs Cucumber Scenarios" data-provider="scenarios" finished-at="2022-12-15T22:30:43 MST" duration-ms="37252" status="PASS">
          <params>
            <param index="0">
              <value>
                <![CDATA["TC003_CreateLead"]]>
              </value>
            </param>
            <param index="1">
              <value>
                <![CDATA["Automate TestLeaf Application"]]>
              </value>
            </param>
          </params>
          <reporter-output>
          </reporter-output>
        </test-method> <!-- runScenario -->
        <test-method signature="runScenario(cucumber.api.testng.PickleEventWrapper,cucumber.api.testng.CucumberFeatureWrapper)[pri:0, instance:steps.TestRunner@14dd9eb7]" started-at="2022-12-15T22:30:43 MST" name="runScenario" description="Runs Cucumber Scenarios" data-provider="scenarios" finished-at="2022-12-15T22:31:22 MST" duration-ms="38915" status="PASS">
          <params>
            <param index="0">
              <value>
                <![CDATA["TC003_CreateLead"]]>
              </value>
            </param>
            <param index="1">
              <value>
                <![CDATA["Automate TestLeaf Application"]]>
              </value>
            </param>
          </params>
          <reporter-output>
          </reporter-output>
        </test-method> <!-- runScenario -->
        <test-method signature="runScenario(cucumber.api.testng.PickleEventWrapper,cucumber.api.testng.CucumberFeatureWrapper)[pri:0, instance:steps.TestRunner@14dd9eb7]" started-at="2022-12-15T22:31:22 MST" name="runScenario" description="Runs Cucumber Scenarios" data-provider="scenarios" finished-at="2022-12-15T22:31:59 MST" duration-ms="36297" status="PASS">
          <params>
            <param index="0">
              <value>
                <![CDATA["TC003_CreateLead"]]>
              </value>
            </param>
            <param index="1">
              <value>
                <![CDATA["Automate TestLeaf Application"]]>
              </value>
            </param>
          </params>
          <reporter-output>
          </reporter-output>
        </test-method> <!-- runScenario -->
        <test-method is-config="true" signature="tearDownClass()[pri:0, instance:steps.TestRunner@14dd9eb7]" started-at="2022-12-15T22:31:59 MST" name="tearDownClass" finished-at="2022-12-15T22:31:59 MST" duration-ms="25" status="PASS">
          <reporter-output>
          </reporter-output>
        </test-method> <!-- tearDownClass -->
      </class> <!-- steps.TestRunner -->
    </test> <!-- Default test -->
  </suite> <!-- Default suite -->
</testng-results>
